<?xml version="1.0" encoding="UTF-8"?>
<testsuite name="Cucumber" time="109.834" tests="2" skipped="0" failures="0" errors="0">
<testcase classname="Fetch signUp data from Excel Sheet for College User" name="Register student User in Gyansetu. - #1.1" time="51.288">
<system-out><![CDATA[
Given Navigate Registration Page............................................passed
When Fetch signup data from Excel sheet "CollegeUser_Registration", 1.......passed
Then Click SignUp Button....................................................passed
]]></system-out>
</testcase>
<testcase classname="Fetch signUp data from Excel Sheet for College User" name="Enter the data on SignUp-Chat - #1.1" time="57.809">
<system-out><![CDATA[
Given Navigate to SignIn Page...............................................passed
When Fetch data from Excel sheet for Sign In "CollegeUser_Registration", 1 and Enter credentials in SignIn..passed
And Click SignIn Button.....................................................passed
And Fetch data from Excel sheet for SignUp-Chat "Sign-Up chat_for_CollageUser", 1 and enter details on signup-chat for College user..passed
Then Verified sign-up chat is completed.....................................passed
]]></system-out>
</testcase>
</testsuite>
